<?xml version="1.0" encoding="UTF-8"?>
<testng-results ignored="0" total="1" passed="1" failed="0" skipped="0">
  <reporter-output>
  </reporter-output>
  <suite started-at="2019-02-24T17:29:33Z" name="Default suite" finished-at="2019-02-24T17:29:55Z" duration-ms="22512">
    <groups>
    </groups>
    <test started-at="2019-02-24T17:29:33Z" name="Default test" finished-at="2019-02-24T17:29:55Z" duration-ms="22512">
      <class name="com.qa.app.tests.LoginTest">
        <test-method signature="LoginTestScenario()[pri:0, instance:com.qa.app.tests.LoginTest@1190200a]" started-at="2019-02-24T17:29:33Z" name="LoginTestScenario" finished-at="2019-02-24T17:29:55Z" duration-ms="22486" status="PASS">
          <reporter-output>
          </reporter-output>
        </test-method> <!-- LoginTestScenario -->
      </class> <!-- com.qa.app.tests.LoginTest -->
    </test> <!-- Default test -->
  </suite> <!-- Default suite -->
</testng-results>
